<?xml version="1.0" encoding="UTF-8"?>
<!-- Generated by org.testng.reporters.JUnitXMLReporter -->
<testsuite ignored="0" hostname="DESKTOP-85L2C5S" failures="1" tests="1" name="RegressionTestOnChrome" time="21.462" errors="0" timestamp="2024-03-25T12:04:19 IST">
  <testcase classname="script.DemoTest" name="testValidLogin" time="0.31">
    <failure type="java.lang.AssertionError" message="expected [xyz] but found [abc]">
      <![CDATA[java.lang.AssertionError: expected [xyz] but found [abc]
at script.DemoTest.testValidLogin(DemoTest.java:19)
at java.base/java.util.ArrayList.forEach(ArrayList.java:1511)
... Removed 33 stack frames]]>
    </failure>
  </testcase> <!-- testValidLogin -->
</testsuite> <!-- RegressionTestOnChrome -->
